<?xml version="1.0" encoding="UTF-8"?>
<!-- Generated by org.testng.reporters.JUnitReportReporter -->
<testsuite hostname="LAPTOP-3PS26KQU" failures="0" tests="1" name="com.quest.care.SecondTC" time="5.116" errors="0" timestamp="2023-01-03T20:05:49 IST" skipped="0">
  <testcase classname="com.quest.care.SecondTC" name="swagapp" time="5.116"/>
  <system-out/>
</testsuite> <!-- com.quest.care.SecondTC -->
